<?xml version="1.0" encoding="UTF-8"?>
<!-- Generated by org.testng.reporters.JUnitReportReporter -->
<testsuite hostname="anu" failures="0" tests="3" name="Mytests.GuruTest" time="16.407" errors="0" timestamp="2024-08-25T21:52:01 PDT" skipped="0">
  <testcase classname="Mytests.GuruTest" name="Login" time="4.915"/>
  <system-out/>
  <testcase classname="Mytests.GuruTest" name="NewCustomer" time="4.892"/>
  <system-out/>
  <testcase classname="Mytests.GuruTest" name="EditCustomer" time="6.600"/>
  <system-out/>
</testsuite> <!-- Mytests.GuruTest -->
