<?xml version="1.0" encoding="UTF-8"?>
<!-- Generated by org.testng.reporters.JUnitReportReporter -->
<testsuite hostname="anu" failures="0" tests="3" name="Mytests.GuruTest" time="11.752" errors="0" timestamp="2024-07-30T22:14:30 PDT" skipped="0">
  <testcase classname="Mytests.GuruTest" name="Login" time="1.967"/>
  <testcase classname="Mytests.GuruTest" name="NewCustomer" time="1.890"/>
  <testcase classname="Mytests.GuruTest" name="EditCustomer" time="7.895"/>
</testsuite> <!-- Mytests.GuruTest -->
